# JRE version: Java(TM) SE Runtime Environment (8.0_111-b14) (build 1.8.0_111-b14)
# Java VM: Java HotSpot(TM) 64-Bit Server VM (25.111-b14 mixed mode windows-amd64 compressed oops)
Heap:
 PSYoungGen      total 18432K, used 6802K [0x00000000d5f00000, 0x00000000d7800000, 0x0000000100000000)
  eden space 13824K, 15% used [0x00000000d5f00000,0x00000000d6128718,0x00000000d6c80000)
  from space 4608K, 99% used [0x00000000d7200000,0x00000000d767c250,0x00000000d7680000)
  to   space 5632K, 0% used [0x00000000d6c80000,0x00000000d6c80000,0x00000000d7200000)
 ParOldGen       total 9728K, used 5567K [0x0000000081c00000, 0x0000000082580000, 0x00000000d5f00000)
  object space 9728K, 57% used [0x0000000081c00000,0x000000008216fde8,0x0000000082580000)
 Metaspace       used 9340K, capacity 9824K, committed 10112K, reserved 1058816K
  class space    used 1061K, capacity 1108K, committed 1152K, reserved 1048576K
GC Heap History (10 events):
Event: 0.658 GC heap before
{Heap before GC invocations=5 (full 0):
 PSYoungGen      total 6656K, used 5969K [0x00000000d5f00000, 0x00000000d6600000, 0x0000000100000000)
  eden space 6144K, 89% used [0x00000000d5f00000,0x00000000d645c5d0,0x00000000d6500000)
  from space 512K, 93% used [0x00000000d6580000,0x00000000d65f8020,0x00000000d6600000)
  to   space 512K, 0% used [0x00000000d6500000,0x00000000d6500000,0x00000000d6580000)
 ParOldGen       total 5632K, used 953K [0x0000000081c00000, 0x0000000082180000, 0x00000000d5f00000)
  object space 5632K, 16% used [0x0000000081c00000,0x0000000081cee4d0,0x0000000082180000)
 Metaspace       used 7499K, capacity 8308K, committed 8448K, reserved 1056768K
  class space    used 903K, capacity 944K, committed 1024K, reserved 1048576K
Event: 0.661 GC heap after
Heap after GC invocations=5 (full 0):
 PSYoungGen      total 6656K, used 512K [0x00000000d5f00000, 0x00000000d6f00000, 0x0000000100000000)
  eden space 6144K, 0% used [0x00000000d5f00000,0x00000000d5f00000,0x00000000d6500000)
  from space 512K, 100% used [0x00000000d6500000,0x00000000d6580000,0x00000000d6580000)
  to   space 2048K, 0% used [0x00000000d6d00000,0x00000000d6d00000,0x00000000d6f00000)
 ParOldGen       total 5632K, used 2382K [0x0000000081c00000, 0x0000000082180000, 0x00000000d5f00000)
  object space 5632K, 42% used [0x0000000081c00000,0x0000000081e53b28,0x0000000082180000)
 Metaspace       used 7499K, capacity 8308K, committed 8448K, reserved 1056768K
  class space    used 903K, capacity 944K, committed 1024K, reserved 1048576K
}
Event: 0.705 GC heap before
{Heap before GC invocations=6 (full 0):
 PSYoungGen      total 6656K, used 6656K [0x00000000d5f00000, 0x00000000d6f00000, 0x0000000100000000)
  eden space 6144K, 100% used [0x00000000d5f00000,0x00000000d6500000,0x00000000d6500000)
  from space 512K, 100% used [0x00000000d6500000,0x00000000d6580000,0x00000000d6580000)
  to   space 2048K, 0% used [0x00000000d6d00000,0x00000000d6d00000,0x00000000d6f00000)
 ParOldGen       total 5632K, used 2382K [0x0000000081c00000, 0x0000000082180000, 0x00000000d5f00000)
  object space 5632K, 42% used [0x0000000081c00000,0x0000000081e53b28,0x0000000082180000)
 Metaspace       used 7512K, capacity 8308K, committed 8448K, reserved 1056768K
  class space    used 904K, capacity 944K, committed 1024K, reserved 1048576K
Event: 0.710 GC heap after
Heap after GC invocations=6 (full 0):
 PSYoungGen      total 12800K, used 2023K [0x00000000d5f00000, 0x00000000d7200000, 0x0000000100000000)
  eden space 10752K, 0% used [0x00000000d5f00000,0x00000000d5f00000,0x00000000d6980000)
  from space 2048K, 98% used [0x00000000d6d00000,0x00000000d6ef9ec0,0x00000000d6f00000)
  to   space 3584K, 0% used [0x00000000d6980000,0x00000000d6980000,0x00000000d6d00000)
 ParOldGen       total 5632K, used 4574K [0x0000000081c00000, 0x0000000082180000, 0x00000000d5f00000)
  object space 5632K, 81% used [0x0000000081c00000,0x0000000082077b28,0x0000000082180000)
 Metaspace       used 7512K, capacity 8308K, committed 8448K, reserved 1056768K
  class space    used 904K, capacity 944K, committed 1024K, reserved 1048576K
}
Event: 0.710 GC heap before
{Heap before GC invocations=7 (full 1):
 PSYoungGen      total 12800K, used 2023K [0x00000000d5f00000, 0x00000000d7200000, 0x0000000100000000)
  eden space 10752K, 0% used [0x00000000d5f00000,0x00000000d5f00000,0x00000000d6980000)
  from space 2048K, 98% used [0x00000000d6d00000,0x00000000d6ef9ec0,0x00000000d6f00000)
  to   space 3584K, 0% used [0x00000000d6980000,0x00000000d6980000,0x00000000d6d00000)
 ParOldGen       total 5632K, used 4574K [0x0000000081c00000, 0x0000000082180000, 0x00000000d5f00000)
  object space 5632K, 81% used [0x0000000081c00000,0x0000000082077b28,0x0000000082180000)
 Metaspace       used 7512K, capacity 8308K, committed 8448K, reserved 1056768K
  class space    used 904K, capacity 944K, committed 1024K, reserved 1048576K
Event: 0.764 GC heap after
Heap after GC invocations=7 (full 1):
 PSYoungGen      total 12800K, used 1498K [0x00000000d5f00000, 0x00000000d7200000, 0x0000000100000000)
  eden space 10752K, 0% used [0x00000000d5f00000,0x00000000d5f00000,0x00000000d6980000)
  from space 2048K, 73% used [0x00000000d6d00000,0x00000000d6e76b30,0x00000000d6f00000)
  to   space 3584K, 0% used [0x00000000d6980000,0x00000000d6980000,0x00000000d6d00000)
 ParOldGen       total 9728K, used 4899K [0x0000000081c00000, 0x0000000082580000, 0x00000000d5f00000)
  object space 9728K, 50% used [0x0000000081c00000,0x00000000820c8ca0,0x0000000082580000)
 Metaspace       used 7512K, capacity 8308K, committed 8448K, reserved 1056768K
  class space    used 904K, capacity 944K, committed 1024K, reserved 1048576K
}
Event: 0.959 GC heap before
{Heap before GC invocations=8 (full 1):
 PSYoungGen      total 12800K, used 12250K [0x00000000d5f00000, 0x00000000d7200000, 0x0000000100000000)
  eden space 10752K, 100% used [0x00000000d5f00000,0x00000000d6980000,0x00000000d6980000)
  from space 2048K, 73% used [0x00000000d6d00000,0x00000000d6e76b30,0x00000000d6f00000)
  to   space 3584K, 0% used [0x00000000d6980000,0x00000000d6980000,0x00000000d6d00000)
 ParOldGen       total 9728K, used 4899K [0x0000000081c00000, 0x0000000082580000, 0x00000000d5f00000)
  object space 9728K, 50% used [0x0000000081c00000,0x00000000820c8ca0,0x0000000082580000)
 Metaspace       used 7828K, capacity 8564K, committed 8704K, reserved 1056768K
  class space    used 921K, capacity 944K, committed 1024K, reserved 1048576K
Event: 0.967 GC heap after
Heap after GC invocations=8 (full 1):
 PSYoungGen      total 14336K, used 3267K [0x00000000d5f00000, 0x00000000d7680000, 0x0000000100000000)
  eden space 10752K, 0% used [0x00000000d5f00000,0x00000000d5f00000,0x00000000d6980000)
  from space 3584K, 91% used [0x00000000d6980000,0x00000000d6cb0d48,0x00000000d6d00000)
  to   space 4608K, 0% used [0x00000000d7200000,0x00000000d7200000,0x00000000d7680000)
 ParOldGen       total 9728K, used 4915K [0x0000000081c00000, 0x0000000082580000, 0x00000000d5f00000)
  object space 9728K, 50% used [0x0000000081c00000,0x00000000820ccca0,0x0000000082580000)
 Metaspace       used 7828K, capacity 8564K, committed 8704K, reserved 1056768K
  class space    used 921K, capacity 944K, committed 1024K, reserved 1048576K
}
Event: 1.399 GC heap before
{Heap before GC invocations=9 (full 1):
 PSYoungGen      total 14336K, used 14019K [0x00000000d5f00000, 0x00000000d7680000, 0x0000000100000000)
  eden space 10752K, 100% used [0x00000000d5f00000,0x00000000d6980000,0x00000000d6980000)
  from space 3584K, 91% used [0x00000000d6980000,0x00000000d6cb0d48,0x00000000d6d00000)
  to   space 4608K, 0% used [0x00000000d7200000,0x00000000d7200000,0x00000000d7680000)
 ParOldGen       total 9728K, used 4915K [0x0000000081c00000, 0x0000000082580000, 0x00000000d5f00000)
  object space 9728K, 50% used [0x0000000081c00000,0x00000000820ccca0,0x0000000082580000)
 Metaspace       used 9187K, capacity 9696K, committed 9856K, reserved 1058816K
  class space    used 1056K, capacity 1108K, committed 1152K, reserved 1048576K
Event: 1.407 GC heap after
Heap after GC invocations=9 (full 1):
 PSYoungGen      total 18432K, used 4592K [0x00000000d5f00000, 0x00000000d7800000, 0x0000000100000000)
  eden space 13824K, 0% used [0x00000000d5f00000,0x00000000d5f00000,0x00000000d6c80000)
  from space 4608K, 99% used [0x00000000d7200000,0x00000000d767c250,0x00000000d7680000)
  to   space 5632K, 0% used [0x00000000d6c80000,0x00000000d6c80000,0x00000000d7200000)
 ParOldGen       total 9728K, used 5567K [0x0000000081c00000, 0x0000000082580000, 0x00000000d5f00000)
  object space 9728K, 57% used [0x0000000081c00000,0x000000008216fde8,0x0000000082580000)
 Metaspace       used 9187K, capacity 9696K, committed 9856K, reserved 1058816K
  class space    used 1056K, capacity 1108K, committed 1152K, reserved 1048576K
}

