# JRE version: Java(TM) SE Runtime Environment (8.0_111-b14) (build 1.8.0_111-b14)
# Java VM: Java HotSpot(TM) 64-Bit Server VM (25.111-b14 mixed mode windows-amd64 compressed oops)
Heap:
 PSYoungGen      total 71680K, used 52181K [0x00000000d5f00000, 0x00000000daa00000, 0x0000000100000000)
  eden space 66560K, 78% used [0x00000000d5f00000,0x00000000d9231808,0x00000000da000000)
  from space 5120K, 4% used [0x00000000da000000,0x00000000da036608,0x00000000da500000)
  to   space 5120K, 0% used [0x00000000da500000,0x00000000da500000,0x00000000daa00000)
 ParOldGen       total 87552K, used 25976K [0x0000000081c00000, 0x0000000087180000, 0x00000000d5f00000)
  object space 87552K, 29% used [0x0000000081c00000,0x000000008355e268,0x0000000087180000)
 Metaspace       used 14828K, capacity 15042K, committed 15360K, reserved 1062912K
  class space    used 1876K, capacity 1963K, committed 2048K, reserved 1048576K
GC Heap History (10 events):
Event: 2.212 GC heap before
{Heap before GC invocations=5 (full 0):
 PSYoungGen      total 71680K, used 71196K [0x00000000d5f00000, 0x00000000daa00000, 0x0000000100000000)
  eden space 66560K, 100% used [0x00000000d5f00000,0x00000000da000000,0x00000000da000000)
  from space 5120K, 90% used [0x00000000da500000,0x00000000da9873b0,0x00000000daa00000)
  to   space 5120K, 0% used [0x00000000da000000,0x00000000da000000,0x00000000da500000)
 ParOldGen       total 87552K, used 11220K [0x0000000081c00000, 0x0000000087180000, 0x00000000d5f00000)
  object space 87552K, 12% used [0x0000000081c00000,0x00000000826f5050,0x0000000087180000)
 Metaspace       used 14235K, capacity 14422K, committed 14592K, reserved 1062912K
  class space    used 1828K, capacity 1927K, committed 2048K, reserved 1048576K
Event: 2.218 GC heap after
Heap after GC invocations=5 (full 0):
 PSYoungGen      total 71680K, used 4732K [0x00000000d5f00000, 0x00000000daa00000, 0x0000000100000000)
  eden space 66560K, 0% used [0x00000000d5f00000,0x00000000d5f00000,0x00000000da000000)
  from space 5120K, 92% used [0x00000000da000000,0x00000000da49f390,0x00000000da500000)
  to   space 5120K, 0% used [0x00000000da500000,0x00000000da500000,0x00000000daa00000)
 ParOldGen       total 87552K, used 11228K [0x0000000081c00000, 0x0000000087180000, 0x00000000d5f00000)
  object space 87552K, 12% used [0x0000000081c00000,0x00000000826f7050,0x0000000087180000)
 Metaspace       used 14235K, capacity 14422K, committed 14592K, reserved 1062912K
  class space    used 1828K, capacity 1927K, committed 2048K, reserved 1048576K
}
Event: 3.006 GC heap before
{Heap before GC invocations=6 (full 0):
 PSYoungGen      total 71680K, used 71292K [0x00000000d5f00000, 0x00000000daa00000, 0x0000000100000000)
  eden space 66560K, 100% used [0x00000000d5f00000,0x00000000da000000,0x00000000da000000)
  from space 5120K, 92% used [0x00000000da000000,0x00000000da49f390,0x00000000da500000)
  to   space 5120K, 0% used [0x00000000da500000,0x00000000da500000,0x00000000daa00000)
 ParOldGen       total 87552K, used 11228K [0x0000000081c00000, 0x0000000087180000, 0x00000000d5f00000)
  object space 87552K, 12% used [0x0000000081c00000,0x00000000826f7050,0x0000000087180000)
 Metaspace       used 14453K, capacity 14722K, committed 14848K, reserved 1062912K
  class space    used 1861K, capacity 1963K, committed 2048K, reserved 1048576K
Event: 3.012 GC heap after
Heap after GC invocations=6 (full 0):
 PSYoungGen      total 71680K, used 3538K [0x00000000d5f00000, 0x00000000daa00000, 0x0000000100000000)
  eden space 66560K, 0% used [0x00000000d5f00000,0x00000000d5f00000,0x00000000da000000)
  from space 5120K, 69% used [0x00000000da500000,0x00000000da874ba0,0x00000000daa00000)
  to   space 5120K, 0% used [0x00000000da000000,0x00000000da000000,0x00000000da500000)
 ParOldGen       total 87552K, used 22521K [0x0000000081c00000, 0x0000000087180000, 0x00000000d5f00000)
  object space 87552K, 25% used [0x0000000081c00000,0x00000000831fe688,0x0000000087180000)
 Metaspace       used 14453K, capacity 14722K, committed 14848K, reserved 1062912K
  class space    used 1861K, capacity 1963K, committed 2048K, reserved 1048576K
}
Event: 3.883 GC heap before
{Heap before GC invocations=7 (full 0):
 PSYoungGen      total 71680K, used 70098K [0x00000000d5f00000, 0x00000000daa00000, 0x0000000100000000)
  eden space 66560K, 100% used [0x00000000d5f00000,0x00000000da000000,0x00000000da000000)
  from space 5120K, 69% used [0x00000000da500000,0x00000000da874ba0,0x00000000daa00000)
  to   space 5120K, 0% used [0x00000000da000000,0x00000000da000000,0x00000000da500000)
 ParOldGen       total 87552K, used 22521K [0x0000000081c00000, 0x0000000087180000, 0x00000000d5f00000)
  object space 87552K, 25% used [0x0000000081c00000,0x00000000831fe688,0x0000000087180000)
 Metaspace       used 14810K, capacity 15042K, committed 15360K, reserved 1062912K
  class space    used 1875K, capacity 1963K, committed 2048K, reserved 1048576K
Event: 3.888 GC heap after
Heap after GC invocations=7 (full 0):
 PSYoungGen      total 71680K, used 441K [0x00000000d5f00000, 0x00000000daa00000, 0x0000000100000000)
  eden space 66560K, 0% used [0x00000000d5f00000,0x00000000d5f00000,0x00000000da000000)
  from space 5120K, 8% used [0x00000000da000000,0x00000000da06e500,0x00000000da500000)
  to   space 5120K, 0% used [0x00000000da500000,0x00000000da500000,0x00000000daa00000)
 ParOldGen       total 87552K, used 25767K [0x0000000081c00000, 0x0000000087180000, 0x00000000d5f00000)
  object space 87552K, 29% used [0x0000000081c00000,0x0000000083529d88,0x0000000087180000)
 Metaspace       used 14810K, capacity 15042K, committed 15360K, reserved 1062912K
  class space    used 1875K, capacity 1963K, committed 2048K, reserved 1048576K
}
Event: 4.505 GC heap before
{Heap before GC invocations=8 (full 0):
 PSYoungGen      total 71680K, used 67001K [0x00000000d5f00000, 0x00000000daa00000, 0x0000000100000000)
  eden space 66560K, 100% used [0x00000000d5f00000,0x00000000da000000,0x00000000da000000)
  from space 5120K, 8% used [0x00000000da000000,0x00000000da06e500,0x00000000da500000)
  to   space 5120K, 0% used [0x00000000da500000,0x00000000da500000,0x00000000daa00000)
 ParOldGen       total 87552K, used 25767K [0x0000000081c00000, 0x0000000087180000, 0x00000000d5f00000)
  object space 87552K, 29% used [0x0000000081c00000,0x0000000083529d88,0x0000000087180000)
 Metaspace       used 14816K, capacity 15042K, committed 15360K, reserved 1062912K
  class space    used 1876K, capacity 1963K, committed 2048K, reserved 1048576K
Event: 4.506 GC heap after
Heap after GC invocations=8 (full 0):
 PSYoungGen      total 71680K, used 345K [0x00000000d5f00000, 0x00000000daa00000, 0x0000000100000000)
  eden space 66560K, 0% used [0x00000000d5f00000,0x00000000d5f00000,0x00000000da000000)
  from space 5120K, 6% used [0x00000000da500000,0x00000000da556608,0x00000000daa00000)
  to   space 5120K, 0% used [0x00000000da000000,0x00000000da000000,0x00000000da500000)
 ParOldGen       total 87552K, used 25852K [0x0000000081c00000, 0x0000000087180000, 0x00000000d5f00000)
  object space 87552K, 29% used [0x0000000081c00000,0x000000008353f338,0x0000000087180000)
 Metaspace       used 14816K, capacity 15042K, committed 15360K, reserved 1062912K
  class space    used 1876K, capacity 1963K, committed 2048K, reserved 1048576K
}
Event: 4.942 GC heap before
{Heap before GC invocations=9 (full 0):
 PSYoungGen      total 71680K, used 66905K [0x00000000d5f00000, 0x00000000daa00000, 0x0000000100000000)
  eden space 66560K, 100% used [0x00000000d5f00000,0x00000000da000000,0x00000000da000000)
  from space 5120K, 6% used [0x00000000da500000,0x00000000da556608,0x00000000daa00000)
  to   space 5120K, 0% used [0x00000000da000000,0x00000000da000000,0x00000000da500000)
 ParOldGen       total 87552K, used 25852K [0x0000000081c00000, 0x0000000087180000, 0x00000000d5f00000)
  object space 87552K, 29% used [0x0000000081c00000,0x000000008353f338,0x0000000087180000)
 Metaspace       used 14819K, capacity 15042K, committed 15360K, reserved 1062912K
  class space    used 1876K, capacity 1963K, committed 2048K, reserved 1048576K
Event: 4.943 GC heap after
Heap after GC invocations=9 (full 0):
 PSYoungGen      total 71680K, used 217K [0x00000000d5f00000, 0x00000000daa00000, 0x0000000100000000)
  eden space 66560K, 0% used [0x00000000d5f00000,0x00000000d5f00000,0x00000000da000000)
  from space 5120K, 4% used [0x00000000da000000,0x00000000da036608,0x00000000da500000)
  to   space 5120K, 0% used [0x00000000da500000,0x00000000da500000,0x00000000daa00000)
 ParOldGen       total 87552K, used 25976K [0x0000000081c00000, 0x0000000087180000, 0x00000000d5f00000)
  object space 87552K, 29% used [0x0000000081c00000,0x000000008355e268,0x0000000087180000)
 Metaspace       used 14819K, capacity 15042K, committed 15360K, reserved 1062912K
  class space    used 1876K, capacity 1963K, committed 2048K, reserved 1048576K
}

