# JRE version: Java(TM) SE Runtime Environment (8.0_111-b14) (build 1.8.0_111-b14)
# Java VM: Java HotSpot(TM) 64-Bit Server VM (25.111-b14 mixed mode windows-amd64 compressed oops)
Heap:
 PSYoungGen      total 11776K, used 9066K [0x00000000d5f00000, 0x00000000d7180000, 0x0000000100000000)
  eden space 8704K, 69% used [0x00000000d5f00000,0x00000000d64f1d48,0x00000000d6780000)
  from space 3072K, 96% used [0x00000000d6e80000,0x00000000d7168bc0,0x00000000d7180000)
  to   space 4096K, 0% used [0x00000000d6980000,0x00000000d6980000,0x00000000d6d80000)
 ParOldGen       total 11264K, used 4950K [0x0000000081c00000, 0x0000000082700000, 0x00000000d5f00000)
  object space 11264K, 43% used [0x0000000081c00000,0x00000000820d5a90,0x0000000082700000)
 Metaspace       used 7828K, capacity 8596K, committed 8704K, reserved 1056768K
  class space    used 946K, capacity 976K, committed 1024K, reserved 1048576K
GC Heap History (10 events):
Event: 0.442 GC heap before
{Heap before GC invocations=3 (full 0):
 PSYoungGen      total 3584K, used 3469K [0x00000000d5f00000, 0x00000000d6300000, 0x0000000100000000)
  eden space 3072K, 96% used [0x00000000d5f00000,0x00000000d61e3770,0x00000000d6200000)
  from space 512K, 100% used [0x00000000d6280000,0x00000000d6300000,0x00000000d6300000)
  to   space 512K, 0% used [0x00000000d6200000,0x00000000d6200000,0x00000000d6280000)
 ParOldGen       total 5632K, used 96K [0x0000000081c00000, 0x0000000082180000, 0x00000000d5f00000)
  object space 5632K, 1% used [0x0000000081c00000,0x0000000081c18000,0x0000000082180000)
 Metaspace       used 5140K, capacity 6324K, committed 6656K, reserved 1056768K
  class space    used 638K, capacity 688K, committed 768K, reserved 1048576K
Event: 0.444 GC heap after
Heap after GC invocations=3 (full 0):
 PSYoungGen      total 3584K, used 495K [0x00000000d5f00000, 0x00000000d6600000, 0x0000000100000000)
  eden space 3072K, 0% used [0x00000000d5f00000,0x00000000d5f00000,0x00000000d6200000)
  from space 512K, 96% used [0x00000000d6200000,0x00000000d627bc20,0x00000000d6280000)
  to   space 512K, 0% used [0x00000000d6580000,0x00000000d6580000,0x00000000d6600000)
 ParOldGen       total 5632K, used 628K [0x0000000081c00000, 0x0000000082180000, 0x00000000d5f00000)
  object space 5632K, 11% used [0x0000000081c00000,0x0000000081c9d030,0x0000000082180000)
 Metaspace       used 5140K, capacity 6324K, committed 6656K, reserved 1056768K
  class space    used 638K, capacity 688K, committed 768K, reserved 1048576K
}
Event: 0.538 GC heap before
{Heap before GC invocations=4 (full 0):
 PSYoungGen      total 3584K, used 3567K [0x00000000d5f00000, 0x00000000d6600000, 0x0000000100000000)
  eden space 3072K, 100% used [0x00000000d5f00000,0x00000000d6200000,0x00000000d6200000)
  from space 512K, 96% used [0x00000000d6200000,0x00000000d627bc20,0x00000000d6280000)
  to   space 512K, 0% used [0x00000000d6580000,0x00000000d6580000,0x00000000d6600000)
 ParOldGen       total 5632K, used 628K [0x0000000081c00000, 0x0000000082180000, 0x00000000d5f00000)
  object space 5632K, 11% used [0x0000000081c00000,0x0000000081c9d030,0x0000000082180000)
 Metaspace       used 6250K, capacity 7348K, committed 7552K, reserved 1056768K
  class space    used 790K, capacity 816K, committed 896K, reserved 1048576K
Event: 0.539 GC heap after
Heap after GC invocations=4 (full 0):
 PSYoungGen      total 6656K, used 496K [0x00000000d5f00000, 0x00000000d6600000, 0x0000000100000000)
  eden space 6144K, 0% used [0x00000000d5f00000,0x00000000d5f00000,0x00000000d6500000)
  from space 512K, 96% used [0x00000000d6580000,0x00000000d65fc010,0x00000000d6600000)
  to   space 512K, 0% used [0x00000000d6500000,0x00000000d6500000,0x00000000d6580000)
 ParOldGen       total 5632K, used 937K [0x0000000081c00000, 0x0000000082180000, 0x00000000d5f00000)
  object space 5632K, 16% used [0x0000000081c00000,0x0000000081cea550,0x0000000082180000)
 Metaspace       used 6250K, capacity 7348K, committed 7552K, reserved 1056768K
  class space    used 790K, capacity 816K, committed 896K, reserved 1048576K
}
Event: 0.723 GC heap before
{Heap before GC invocations=5 (full 0):
 PSYoungGen      total 6656K, used 6640K [0x00000000d5f00000, 0x00000000d6600000, 0x0000000100000000)
  eden space 6144K, 100% used [0x00000000d5f00000,0x00000000d6500000,0x00000000d6500000)
  from space 512K, 96% used [0x00000000d6580000,0x00000000d65fc010,0x00000000d6600000)
  to   space 512K, 0% used [0x00000000d6500000,0x00000000d6500000,0x00000000d6580000)
 ParOldGen       total 5632K, used 937K [0x0000000081c00000, 0x0000000082180000, 0x00000000d5f00000)
  object space 5632K, 16% used [0x0000000081c00000,0x0000000081cea550,0x0000000082180000)
 Metaspace       used 7343K, capacity 8180K, committed 8448K, reserved 1056768K
  class space    used 901K, capacity 944K, committed 1024K, reserved 1048576K
Event: 0.728 GC heap after
Heap after GC invocations=5 (full 0):
 PSYoungGen      total 6656K, used 512K [0x00000000d5f00000, 0x00000000d7200000, 0x0000000100000000)
  eden space 6144K, 0% used [0x00000000d5f00000,0x00000000d5f00000,0x00000000d6500000)
  from space 512K, 100% used [0x00000000d6500000,0x00000000d6580000,0x00000000d6580000)
  to   space 3584K, 0% used [0x00000000d6e80000,0x00000000d6e80000,0x00000000d7200000)
 ParOldGen       total 5632K, used 4602K [0x0000000081c00000, 0x0000000082180000, 0x00000000d5f00000)
  object space 5632K, 81% used [0x0000000081c00000,0x000000008207eae8,0x0000000082180000)
 Metaspace       used 7343K, capacity 8180K, committed 8448K, reserved 1056768K
  class space    used 901K, capacity 944K, committed 1024K, reserved 1048576K
}
Event: 0.729 GC heap before
{Heap before GC invocations=6 (full 1):
 PSYoungGen      total 6656K, used 512K [0x00000000d5f00000, 0x00000000d7200000, 0x0000000100000000)
  eden space 6144K, 0% used [0x00000000d5f00000,0x00000000d5f00000,0x00000000d6500000)
  from space 512K, 100% used [0x00000000d6500000,0x00000000d6580000,0x00000000d6580000)
  to   space 3584K, 0% used [0x00000000d6e80000,0x00000000d6e80000,0x00000000d7200000)
 ParOldGen       total 5632K, used 4602K [0x0000000081c00000, 0x0000000082180000, 0x00000000d5f00000)
  object space 5632K, 81% used [0x0000000081c00000,0x000000008207eae8,0x0000000082180000)
 Metaspace       used 7343K, capacity 8180K, committed 8448K, reserved 1056768K
  class space    used 901K, capacity 944K, committed 1024K, reserved 1048576K
Event: 0.761 GC heap after
Heap after GC invocations=6 (full 1):
 PSYoungGen      total 6656K, used 0K [0x00000000d5f00000, 0x00000000d7200000, 0x0000000100000000)
  eden space 6144K, 0% used [0x00000000d5f00000,0x00000000d5f00000,0x00000000d6500000)
  from space 512K, 0% used [0x00000000d6500000,0x00000000d6500000,0x00000000d6580000)
  to   space 3584K, 0% used [0x00000000d6e80000,0x00000000d6e80000,0x00000000d7200000)
 ParOldGen       total 11264K, used 4950K [0x0000000081c00000, 0x0000000082700000, 0x00000000d5f00000)
  object space 11264K, 43% used [0x0000000081c00000,0x00000000820d5a90,0x0000000082700000)
 Metaspace       used 7343K, capacity 8180K, committed 8448K, reserved 1056768K
  class space    used 901K, capacity 944K, committed 1024K, reserved 1048576K
}
Event: 0.849 GC heap before
{Heap before GC invocations=7 (full 1):
 PSYoungGen      total 6656K, used 6144K [0x00000000d5f00000, 0x00000000d7200000, 0x0000000100000000)
  eden space 6144K, 100% used [0x00000000d5f00000,0x00000000d6500000,0x00000000d6500000)
  from space 512K, 0% used [0x00000000d6500000,0x00000000d6500000,0x00000000d6580000)
  to   space 3584K, 0% used [0x00000000d6e80000,0x00000000d6e80000,0x00000000d7200000)
 ParOldGen       total 11264K, used 4950K [0x0000000081c00000, 0x0000000082700000, 0x00000000d5f00000)
  object space 11264K, 43% used [0x0000000081c00000,0x00000000820d5a90,0x0000000082700000)
 Metaspace       used 7436K, capacity 8244K, committed 8448K, reserved 1056768K
  class space    used 909K, capacity 944K, committed 1024K, reserved 1048576K
Event: 0.854 GC heap after
Heap after GC invocations=7 (full 1):
 PSYoungGen      total 11776K, used 2978K [0x00000000d5f00000, 0x00000000d7180000, 0x0000000100000000)
  eden space 8704K, 0% used [0x00000000d5f00000,0x00000000d5f00000,0x00000000d6780000)
  from space 3072K, 96% used [0x00000000d6e80000,0x00000000d7168bc0,0x00000000d7180000)
  to   space 4096K, 0% used [0x00000000d6980000,0x00000000d6980000,0x00000000d6d80000)
 ParOldGen       total 11264K, used 4950K [0x0000000081c00000, 0x0000000082700000, 0x00000000d5f00000)
  object space 11264K, 43% used [0x0000000081c00000,0x00000000820d5a90,0x0000000082700000)
 Metaspace       used 7436K, capacity 8244K, committed 8448K, reserved 1056768K
  class space    used 909K, capacity 944K, committed 1024K, reserved 1048576K
}

