# JRE version: Java(TM) SE Runtime Environment (8.0_111-b14) (build 1.8.0_111-b14)
# Java VM: Java HotSpot(TM) 64-Bit Server VM (25.111-b14 mixed mode windows-amd64 compressed oops)
Heap:
 PSYoungGen      total 15360K, used 5877K [0x00000000d5f00000, 0x00000000d7700000, 0x0000000100000000)
  eden space 10752K, 12% used [0x00000000d5f00000,0x00000000d6043558,0x00000000d6980000)
  from space 4608K, 99% used [0x00000000d7280000,0x00000000d76f9fd0,0x00000000d7700000)
  to   space 3584K, 0% used [0x00000000d6980000,0x00000000d6980000,0x00000000d6d00000)
 ParOldGen       total 10240K, used 5889K [0x0000000081c00000, 0x0000000082600000, 0x00000000d5f00000)
  object space 10240K, 57% used [0x0000000081c00000,0x00000000821c06a0,0x0000000082600000)
 Metaspace       used 9301K, capacity 9760K, committed 9856K, reserved 1058816K
  class space    used 1060K, capacity 1108K, committed 1152K, reserved 1048576K
GC Heap History (10 events):
Event: 0.788 GC heap before
{Heap before GC invocations=5 (full 0):
 PSYoungGen      total 6656K, used 5974K [0x00000000d5f00000, 0x00000000d6600000, 0x0000000100000000)
  eden space 6144K, 89% used [0x00000000d5f00000,0x00000000d6459a68,0x00000000d6500000)
  from space 512K, 96% used [0x00000000d6580000,0x00000000d65fc010,0x00000000d6600000)
  to   space 512K, 0% used [0x00000000d6500000,0x00000000d6500000,0x00000000d6580000)
 ParOldGen       total 5632K, used 960K [0x0000000081c00000, 0x0000000082180000, 0x00000000d5f00000)
  object space 5632K, 17% used [0x0000000081c00000,0x0000000081cf0358,0x0000000082180000)
 Metaspace       used 7522K, capacity 8308K, committed 8448K, reserved 1056768K
  class space    used 903K, capacity 944K, committed 1024K, reserved 1048576K
Event: 0.792 GC heap after
Heap after GC invocations=5 (full 0):
 PSYoungGen      total 6656K, used 496K [0x00000000d5f00000, 0x00000000d6f00000, 0x0000000100000000)
  eden space 6144K, 0% used [0x00000000d5f00000,0x00000000d5f00000,0x00000000d6500000)
  from space 512K, 96% used [0x00000000d6500000,0x00000000d657c010,0x00000000d6580000)
  to   space 2048K, 0% used [0x00000000d6d00000,0x00000000d6d00000,0x00000000d6f00000)
 ParOldGen       total 5632K, used 2417K [0x0000000081c00000, 0x0000000082180000, 0x00000000d5f00000)
  object space 5632K, 42% used [0x0000000081c00000,0x0000000081e5c6c8,0x0000000082180000)
 Metaspace       used 7522K, capacity 8308K, committed 8448K, reserved 1056768K
  class space    used 903K, capacity 944K, committed 1024K, reserved 1048576K
}
Event: 0.830 GC heap before
{Heap before GC invocations=6 (full 0):
 PSYoungGen      total 6656K, used 6640K [0x00000000d5f00000, 0x00000000d6f00000, 0x0000000100000000)
  eden space 6144K, 100% used [0x00000000d5f00000,0x00000000d6500000,0x00000000d6500000)
  from space 512K, 96% used [0x00000000d6500000,0x00000000d657c010,0x00000000d6580000)
  to   space 2048K, 0% used [0x00000000d6d00000,0x00000000d6d00000,0x00000000d6f00000)
 ParOldGen       total 5632K, used 2417K [0x0000000081c00000, 0x0000000082180000, 0x00000000d5f00000)
  object space 5632K, 42% used [0x0000000081c00000,0x0000000081e5c6c8,0x0000000082180000)
 Metaspace       used 7537K, capacity 8308K, committed 8448K, reserved 1056768K
  class space    used 904K, capacity 944K, committed 1024K, reserved 1048576K
Event: 0.835 GC heap after
Heap after GC invocations=6 (full 0):
 PSYoungGen      total 12800K, used 2023K [0x00000000d5f00000, 0x00000000d7200000, 0x0000000100000000)
  eden space 10752K, 0% used [0x00000000d5f00000,0x00000000d5f00000,0x00000000d6980000)
  from space 2048K, 98% used [0x00000000d6d00000,0x00000000d6ef9ec0,0x00000000d6f00000)
  to   space 3584K, 0% used [0x00000000d6980000,0x00000000d6980000,0x00000000d6d00000)
 ParOldGen       total 5632K, used 4569K [0x0000000081c00000, 0x0000000082180000, 0x00000000d5f00000)
  object space 5632K, 81% used [0x0000000081c00000,0x00000000820766c8,0x0000000082180000)
 Metaspace       used 7537K, capacity 8308K, committed 8448K, reserved 1056768K
  class space    used 904K, capacity 944K, committed 1024K, reserved 1048576K
}
Event: 0.835 GC heap before
{Heap before GC invocations=7 (full 1):
 PSYoungGen      total 12800K, used 2023K [0x00000000d5f00000, 0x00000000d7200000, 0x0000000100000000)
  eden space 10752K, 0% used [0x00000000d5f00000,0x00000000d5f00000,0x00000000d6980000)
  from space 2048K, 98% used [0x00000000d6d00000,0x00000000d6ef9ec0,0x00000000d6f00000)
  to   space 3584K, 0% used [0x00000000d6980000,0x00000000d6980000,0x00000000d6d00000)
 ParOldGen       total 5632K, used 4569K [0x0000000081c00000, 0x0000000082180000, 0x00000000d5f00000)
  object space 5632K, 81% used [0x0000000081c00000,0x00000000820766c8,0x0000000082180000)
 Metaspace       used 7537K, capacity 8308K, committed 8448K, reserved 1056768K
  class space    used 904K, capacity 944K, committed 1024K, reserved 1048576K
Event: 0.884 GC heap after
Heap after GC invocations=7 (full 1):
 PSYoungGen      total 12800K, used 993K [0x00000000d5f00000, 0x00000000d7200000, 0x0000000100000000)
  eden space 10752K, 0% used [0x00000000d5f00000,0x00000000d5f00000,0x00000000d6980000)
  from space 2048K, 48% used [0x00000000d6d00000,0x00000000d6df86a8,0x00000000d6f00000)
  to   space 3584K, 0% used [0x00000000d6980000,0x00000000d6980000,0x00000000d6d00000)
 ParOldGen       total 10240K, used 5089K [0x0000000081c00000, 0x0000000082600000, 0x00000000d5f00000)
  object space 10240K, 49% used [0x0000000081c00000,0x00000000820f85b8,0x0000000082600000)
 Metaspace       used 7537K, capacity 8308K, committed 8448K, reserved 1056768K
  class space    used 904K, capacity 944K, committed 1024K, reserved 1048576K
}
Event: 1.097 GC heap before
{Heap before GC invocations=8 (full 1):
 PSYoungGen      total 12800K, used 11745K [0x00000000d5f00000, 0x00000000d7200000, 0x0000000100000000)
  eden space 10752K, 100% used [0x00000000d5f00000,0x00000000d6980000,0x00000000d6980000)
  from space 2048K, 48% used [0x00000000d6d00000,0x00000000d6df86a8,0x00000000d6f00000)
  to   space 3584K, 0% used [0x00000000d6980000,0x00000000d6980000,0x00000000d6d00000)
 ParOldGen       total 10240K, used 5089K [0x0000000081c00000, 0x0000000082600000, 0x00000000d5f00000)
  object space 10240K, 49% used [0x0000000081c00000,0x00000000820f85b8,0x0000000082600000)
 Metaspace       used 7847K, capacity 8564K, committed 8704K, reserved 1056768K
  class space    used 921K, capacity 944K, committed 1024K, reserved 1048576K
Event: 1.103 GC heap after
Heap after GC invocations=8 (full 1):
 PSYoungGen      total 14336K, used 3391K [0x00000000d5f00000, 0x00000000d7700000, 0x0000000100000000)
  eden space 10752K, 0% used [0x00000000d5f00000,0x00000000d5f00000,0x00000000d6980000)
  from space 3584K, 94% used [0x00000000d6980000,0x00000000d6ccfc30,0x00000000d6d00000)
  to   space 4608K, 0% used [0x00000000d7280000,0x00000000d7280000,0x00000000d7700000)
 ParOldGen       total 10240K, used 5097K [0x0000000081c00000, 0x0000000082600000, 0x00000000d5f00000)
  object space 10240K, 49% used [0x0000000081c00000,0x00000000820fa5b8,0x0000000082600000)
 Metaspace       used 7847K, capacity 8564K, committed 8704K, reserved 1056768K
  class space    used 921K, capacity 944K, committed 1024K, reserved 1048576K
}
Event: 1.546 GC heap before
{Heap before GC invocations=9 (full 1):
 PSYoungGen      total 14336K, used 14143K [0x00000000d5f00000, 0x00000000d7700000, 0x0000000100000000)
  eden space 10752K, 100% used [0x00000000d5f00000,0x00000000d6980000,0x00000000d6980000)
  from space 3584K, 94% used [0x00000000d6980000,0x00000000d6ccfc30,0x00000000d6d00000)
  to   space 4608K, 0% used [0x00000000d7280000,0x00000000d7280000,0x00000000d7700000)
 ParOldGen       total 10240K, used 5097K [0x0000000081c00000, 0x0000000082600000, 0x00000000d5f00000)
  object space 10240K, 49% used [0x0000000081c00000,0x00000000820fa5b8,0x0000000082600000)
 Metaspace       used 9189K, capacity 9696K, committed 9856K, reserved 1058816K
  class space    used 1056K, capacity 1108K, committed 1152K, reserved 1048576K
Event: 1.553 GC heap after
Heap after GC invocations=9 (full 1):
 PSYoungGen      total 15360K, used 4583K [0x00000000d5f00000, 0x00000000d7700000, 0x0000000100000000)
  eden space 10752K, 0% used [0x00000000d5f00000,0x00000000d5f00000,0x00000000d6980000)
  from space 4608K, 99% used [0x00000000d7280000,0x00000000d76f9fd0,0x00000000d7700000)
  to   space 3584K, 0% used [0x00000000d6980000,0x00000000d6980000,0x00000000d6d00000)
 ParOldGen       total 10240K, used 5889K [0x0000000081c00000, 0x0000000082600000, 0x00000000d5f00000)
  object space 10240K, 57% used [0x0000000081c00000,0x00000000821c06a0,0x0000000082600000)
 Metaspace       used 9189K, capacity 9696K, committed 9856K, reserved 1058816K
  class space    used 1056K, capacity 1108K, committed 1152K, reserved 1048576K
}

